2016-09-26 01:09:28 Notice: Notice (8): Use of undefined constant edit - assumed 'edit' in [/home/ubuntu/workspace/src/Template/Articles/index.ctp, line 22]
Request URL: /articles/
Referer URL: https://ide.c9.io/davidnho/ck3
Client IP: 10.240.0.240
Trace:
Cake\Error\BaseErrorHandler::handleError() - CORE/src/Error/BaseErrorHandler.php, line 146
include - APP/Template/Articles/index.ctp, line 22
Cake\View\View::_evaluate() - CORE/src/View/View.php, line 1008
Cake\View\View::_render() - CORE/src/View/View.php, line 967
Cake\View\View::render() - CORE/src/View/View.php, line 591
Cake\Controller\Controller::render() - CORE/src/Controller/Controller.php, line 617
Cake\Http\ActionDispatcher::_invoke() - CORE/src/Http/ActionDispatcher.php, line 128
Cake\Http\ActionDispatcher::dispatch() - CORE/src/Http/ActionDispatcher.php, line 96
Cake\Http\BaseApplication::__invoke() - CORE/src/Http/BaseApplication.php, line 83
Cake\Http\Runner::__invoke() - CORE/src/Http/Runner.php, line 65
Cake\Routing\Middleware\RoutingMiddleware::__invoke() - CORE/src/Routing/Middleware/RoutingMiddleware.php, line 52
Cake\Http\Runner::__invoke() - CORE/src/Http/Runner.php, line 65
Cake\Routing\Middleware\AssetMiddleware::__invoke() - CORE/src/Routing/Middleware/AssetMiddleware.php, line 88
Cake\Http\Runner::__invoke() - CORE/src/Http/Runner.php, line 65
Cake\Error\Middleware\ErrorHandlerMiddleware::__invoke() - CORE/src/Error/Middleware/ErrorHandlerMiddleware.php, line 52
Cake\Http\Runner::__invoke() - CORE/src/Http/Runner.php, line 65
Cake\Http\Runner::run() - CORE/src/Http/Runner.php, line 51
Cake\Http\Server::run() - CORE/src/Http/Server.php, line 82
[main] - ROOT/webroot/index.php, line 37



2016-09-26 01:09:28 Notice: Notice (8): Use of undefined constant edit - assumed 'edit' in [/home/ubuntu/workspace/src/Template/Articles/index.ctp, line 22]
Request URL: /articles/
Referer URL: https://ide.c9.io/davidnho/ck3
Client IP: 10.240.0.240
Trace:
Cake\Error\BaseErrorHandler::handleError() - CORE/src/Error/BaseErrorHandler.php, line 146
include - APP/Template/Articles/index.ctp, line 22
Cake\View\View::_evaluate() - CORE/src/View/View.php, line 1008
Cake\View\View::_render() - CORE/src/View/View.php, line 967
Cake\View\View::render() - CORE/src/View/View.php, line 591
Cake\Controller\Controller::render() - CORE/src/Controller/Controller.php, line 617
Cake\Http\ActionDispatcher::_invoke() - CORE/src/Http/ActionDispatcher.php, line 128
Cake\Http\ActionDispatcher::dispatch() - CORE/src/Http/ActionDispatcher.php, line 96
Cake\Http\BaseApplication::__invoke() - CORE/src/Http/BaseApplication.php, line 83
Cake\Http\Runner::__invoke() - CORE/src/Http/Runner.php, line 65
Cake\Routing\Middleware\RoutingMiddleware::__invoke() - CORE/src/Routing/Middleware/RoutingMiddleware.php, line 52
Cake\Http\Runner::__invoke() - CORE/src/Http/Runner.php, line 65
Cake\Routing\Middleware\AssetMiddleware::__invoke() - CORE/src/Routing/Middleware/AssetMiddleware.php, line 88
Cake\Http\Runner::__invoke() - CORE/src/Http/Runner.php, line 65
Cake\Error\Middleware\ErrorHandlerMiddleware::__invoke() - CORE/src/Error/Middleware/ErrorHandlerMiddleware.php, line 52
Cake\Http\Runner::__invoke() - CORE/src/Http/Runner.php, line 65
Cake\Http\Runner::run() - CORE/src/Http/Runner.php, line 51
Cake\Http\Server::run() - CORE/src/Http/Server.php, line 82
[main] - ROOT/webroot/index.php, line 37



2016-09-26 01:09:28 Notice: Notice (8): Use of undefined constant edit - assumed 'edit' in [/home/ubuntu/workspace/src/Template/Articles/index.ctp, line 22]
Request URL: /articles/
Referer URL: https://ide.c9.io/davidnho/ck3
Client IP: 10.240.0.240
Trace:
Cake\Error\BaseErrorHandler::handleError() - CORE/src/Error/BaseErrorHandler.php, line 146
include - APP/Template/Articles/index.ctp, line 22
Cake\View\View::_evaluate() - CORE/src/View/View.php, line 1008
Cake\View\View::_render() - CORE/src/View/View.php, line 967
Cake\View\View::render() - CORE/src/View/View.php, line 591
Cake\Controller\Controller::render() - CORE/src/Controller/Controller.php, line 617
Cake\Http\ActionDispatcher::_invoke() - CORE/src/Http/ActionDispatcher.php, line 128
Cake\Http\ActionDispatcher::dispatch() - CORE/src/Http/ActionDispatcher.php, line 96
Cake\Http\BaseApplication::__invoke() - CORE/src/Http/BaseApplication.php, line 83
Cake\Http\Runner::__invoke() - CORE/src/Http/Runner.php, line 65
Cake\Routing\Middleware\RoutingMiddleware::__invoke() - CORE/src/Routing/Middleware/RoutingMiddleware.php, line 52
Cake\Http\Runner::__invoke() - CORE/src/Http/Runner.php, line 65
Cake\Routing\Middleware\AssetMiddleware::__invoke() - CORE/src/Routing/Middleware/AssetMiddleware.php, line 88
Cake\Http\Runner::__invoke() - CORE/src/Http/Runner.php, line 65
Cake\Error\Middleware\ErrorHandlerMiddleware::__invoke() - CORE/src/Error/Middleware/ErrorHandlerMiddleware.php, line 52
Cake\Http\Runner::__invoke() - CORE/src/Http/Runner.php, line 65
Cake\Http\Runner::run() - CORE/src/Http/Runner.php, line 51
Cake\Http\Server::run() - CORE/src/Http/Server.php, line 82
[main] - ROOT/webroot/index.php, line 37



2016-09-26 01:09:28 Notice: Notice (8): Use of undefined constant edit - assumed 'edit' in [/home/ubuntu/workspace/src/Template/Articles/index.ctp, line 22]
Request URL: /articles/
Referer URL: https://ide.c9.io/davidnho/ck3
Client IP: 10.240.0.240
Trace:
Cake\Error\BaseErrorHandler::handleError() - CORE/src/Error/BaseErrorHandler.php, line 146
include - APP/Template/Articles/index.ctp, line 22
Cake\View\View::_evaluate() - CORE/src/View/View.php, line 1008
Cake\View\View::_render() - CORE/src/View/View.php, line 967
Cake\View\View::render() - CORE/src/View/View.php, line 591
Cake\Controller\Controller::render() - CORE/src/Controller/Controller.php, line 617
Cake\Http\ActionDispatcher::_invoke() - CORE/src/Http/ActionDispatcher.php, line 128
Cake\Http\ActionDispatcher::dispatch() - CORE/src/Http/ActionDispatcher.php, line 96
Cake\Http\BaseApplication::__invoke() - CORE/src/Http/BaseApplication.php, line 83
Cake\Http\Runner::__invoke() - CORE/src/Http/Runner.php, line 65
Cake\Routing\Middleware\RoutingMiddleware::__invoke() - CORE/src/Routing/Middleware/RoutingMiddleware.php, line 52
Cake\Http\Runner::__invoke() - CORE/src/Http/Runner.php, line 65
Cake\Routing\Middleware\AssetMiddleware::__invoke() - CORE/src/Routing/Middleware/AssetMiddleware.php, line 88
Cake\Http\Runner::__invoke() - CORE/src/Http/Runner.php, line 65
Cake\Error\Middleware\ErrorHandlerMiddleware::__invoke() - CORE/src/Error/Middleware/ErrorHandlerMiddleware.php, line 52
Cake\Http\Runner::__invoke() - CORE/src/Http/Runner.php, line 65
Cake\Http\Runner::run() - CORE/src/Http/Runner.php, line 51
Cake\Http\Server::run() - CORE/src/Http/Server.php, line 82
[main] - ROOT/webroot/index.php, line 37



2016-09-26 01:09:28 Notice: Notice (8): Use of undefined constant edit - assumed 'edit' in [/home/ubuntu/workspace/src/Template/Articles/index.ctp, line 22]
Request URL: /articles/
Referer URL: https://ide.c9.io/davidnho/ck3
Client IP: 10.240.0.240
Trace:
Cake\Error\BaseErrorHandler::handleError() - CORE/src/Error/BaseErrorHandler.php, line 146
include - APP/Template/Articles/index.ctp, line 22
Cake\View\View::_evaluate() - CORE/src/View/View.php, line 1008
Cake\View\View::_render() - CORE/src/View/View.php, line 967
Cake\View\View::render() - CORE/src/View/View.php, line 591
Cake\Controller\Controller::render() - CORE/src/Controller/Controller.php, line 617
Cake\Http\ActionDispatcher::_invoke() - CORE/src/Http/ActionDispatcher.php, line 128
Cake\Http\ActionDispatcher::dispatch() - CORE/src/Http/ActionDispatcher.php, line 96
Cake\Http\BaseApplication::__invoke() - CORE/src/Http/BaseApplication.php, line 83
Cake\Http\Runner::__invoke() - CORE/src/Http/Runner.php, line 65
Cake\Routing\Middleware\RoutingMiddleware::__invoke() - CORE/src/Routing/Middleware/RoutingMiddleware.php, line 52
Cake\Http\Runner::__invoke() - CORE/src/Http/Runner.php, line 65
Cake\Routing\Middleware\AssetMiddleware::__invoke() - CORE/src/Routing/Middleware/AssetMiddleware.php, line 88
Cake\Http\Runner::__invoke() - CORE/src/Http/Runner.php, line 65
Cake\Error\Middleware\ErrorHandlerMiddleware::__invoke() - CORE/src/Error/Middleware/ErrorHandlerMiddleware.php, line 52
Cake\Http\Runner::__invoke() - CORE/src/Http/Runner.php, line 65
Cake\Http\Runner::run() - CORE/src/Http/Runner.php, line 51
Cake\Http\Server::run() - CORE/src/Http/Server.php, line 82
[main] - ROOT/webroot/index.php, line 37



2016-09-26 01:09:28 Notice: Notice (8): Use of undefined constant edit - assumed 'edit' in [/home/ubuntu/workspace/src/Template/Articles/index.ctp, line 22]
Request URL: /articles/
Referer URL: https://ide.c9.io/davidnho/ck3
Client IP: 10.240.0.240
Trace:
Cake\Error\BaseErrorHandler::handleError() - CORE/src/Error/BaseErrorHandler.php, line 146
include - APP/Template/Articles/index.ctp, line 22
Cake\View\View::_evaluate() - CORE/src/View/View.php, line 1008
Cake\View\View::_render() - CORE/src/View/View.php, line 967
Cake\View\View::render() - CORE/src/View/View.php, line 591
Cake\Controller\Controller::render() - CORE/src/Controller/Controller.php, line 617
Cake\Http\ActionDispatcher::_invoke() - CORE/src/Http/ActionDispatcher.php, line 128
Cake\Http\ActionDispatcher::dispatch() - CORE/src/Http/ActionDispatcher.php, line 96
Cake\Http\BaseApplication::__invoke() - CORE/src/Http/BaseApplication.php, line 83
Cake\Http\Runner::__invoke() - CORE/src/Http/Runner.php, line 65
Cake\Routing\Middleware\RoutingMiddleware::__invoke() - CORE/src/Routing/Middleware/RoutingMiddleware.php, line 52
Cake\Http\Runner::__invoke() - CORE/src/Http/Runner.php, line 65
Cake\Routing\Middleware\AssetMiddleware::__invoke() - CORE/src/Routing/Middleware/AssetMiddleware.php, line 88
Cake\Http\Runner::__invoke() - CORE/src/Http/Runner.php, line 65
Cake\Error\Middleware\ErrorHandlerMiddleware::__invoke() - CORE/src/Error/Middleware/ErrorHandlerMiddleware.php, line 52
Cake\Http\Runner::__invoke() - CORE/src/Http/Runner.php, line 65
Cake\Http\Runner::run() - CORE/src/Http/Runner.php, line 51
Cake\Http\Server::run() - CORE/src/Http/Server.php, line 82
[main] - ROOT/webroot/index.php, line 37



