2016-09-26 00:16:27 Error: Fatal Error (1): Call to undefined method Cake\Validation\Validator::redirect() in [/home/ubuntu/workspace/src/Model/Table/ArticlesTable.php, line 20]
Request URL: /articles/add
Referer URL: https://ck3-davidnho.c9users.io/articles/add
Client IP: 10.240.1.14
Trace:
Cake\Error\BaseErrorHandler::handleFatalError() - CORE/src/Error/BaseErrorHandler.php, line 216
Cake\Error\BaseErrorHandler::Cake\Error\{closure}() - CORE/src/Error/BaseErrorHandler.php, line 98
[main] - [internal], line ??



2016-09-26 00:16:27 Warning: Headers already sent in /home/ubuntu/workspace/src/Model/Table/ArticlesTable.php:20
2016-09-26 00:16:27 Error: [Cake\Error\FatalErrorException] Call to undefined method Cake\Validation\Validator::redirect()
Request URL: /articles/add
Referer URL: https://ck3-davidnho.c9users.io/articles/add
Client IP: 10.240.1.14
Stack Trace:
#0 /home/ubuntu/workspace/vendor/cakephp/cakephp/src/Error/BaseErrorHandler.php(98): Cake\Error\BaseErrorHandler->handleFatalError(1, 'Call to undefin...', '/home/ubuntu/wo...', 20)
#1 [internal function]: Cake\Error\BaseErrorHandler->Cake\Error\{closure}()
#2 {main}


2016-09-26 00:16:48 Error: Fatal Error (1): Call to undefined method Cake\Validation\Validator::redirect() in [/home/ubuntu/workspace/src/Model/Table/ArticlesTable.php, line 20]
Request URL: /articles/add
Referer URL: https://ck3-davidnho.c9users.io/articles/?_c9_id=livepreview0&_c9_host=https://ide.c9.io
Client IP: 10.240.1.16
Trace:
Cake\Error\BaseErrorHandler::handleFatalError() - CORE/src/Error/BaseErrorHandler.php, line 216
Cake\Error\BaseErrorHandler::Cake\Error\{closure}() - CORE/src/Error/BaseErrorHandler.php, line 98
[main] - [internal], line ??



2016-09-26 00:16:48 Error: [Cake\Error\FatalErrorException] Call to undefined method Cake\Validation\Validator::redirect()
Request URL: /articles/add
Referer URL: https://ck3-davidnho.c9users.io/articles/?_c9_id=livepreview0&_c9_host=https://ide.c9.io
Client IP: 10.240.1.16
Stack Trace:
#0 /home/ubuntu/workspace/vendor/cakephp/cakephp/src/Error/BaseErrorHandler.php(98): Cake\Error\BaseErrorHandler->handleFatalError(1, 'Call to undefin...', '/home/ubuntu/wo...', 20)
#1 [internal function]: Cake\Error\BaseErrorHandler->Cake\Error\{closure}()
#2 {main}


2016-09-26 06:32:22 Warning: Warning (2): _() expects exactly 1 parameter, 2 given in [/home/ubuntu/workspace/src/Controller/ArticlesController.php, line 58]
Request URL: /articles/delete/6
Referer URL: https://ck3-davidnho.c9users.io/articles/?_c9_id=livepreview0&_c9_host=https://ide.c9.io
Client IP: 10.240.0.240
Trace:
Cake\Error\BaseErrorHandler::handleError() - CORE/src/Error/BaseErrorHandler.php, line 146
_ - [internal], line ??
App\Controller\ArticlesController::delete() - APP/Controller/ArticlesController.php, line 58
Cake\Controller\Controller::invokeAction() - CORE/src/Controller/Controller.php, line 435
Cake\Http\ActionDispatcher::_invoke() - CORE/src/Http/ActionDispatcher.php, line 122
Cake\Http\ActionDispatcher::dispatch() - CORE/src/Http/ActionDispatcher.php, line 96
Cake\Http\BaseApplication::__invoke() - CORE/src/Http/BaseApplication.php, line 83
Cake\Http\Runner::__invoke() - CORE/src/Http/Runner.php, line 65
Cake\Routing\Middleware\RoutingMiddleware::__invoke() - CORE/src/Routing/Middleware/RoutingMiddleware.php, line 52
Cake\Http\Runner::__invoke() - CORE/src/Http/Runner.php, line 65
Cake\Routing\Middleware\AssetMiddleware::__invoke() - CORE/src/Routing/Middleware/AssetMiddleware.php, line 88
Cake\Http\Runner::__invoke() - CORE/src/Http/Runner.php, line 65
Cake\Error\Middleware\ErrorHandlerMiddleware::__invoke() - CORE/src/Error/Middleware/ErrorHandlerMiddleware.php, line 52
Cake\Http\Runner::__invoke() - CORE/src/Http/Runner.php, line 65
Cake\Http\Runner::run() - CORE/src/Http/Runner.php, line 51
Cake\Http\Server::run() - CORE/src/Http/Server.php, line 82
[main] - ROOT/webroot/index.php, line 37



2016-09-26 06:32:22 Warning: Headers already sent in /home/ubuntu/workspace/vendor/cakephp/cakephp/src/Error/Debugger.php:753
2016-09-26 06:32:22 Error: [RuntimeException] Unable to emit response; headers already sent
Request URL: /articles/delete/6
Referer URL: https://ck3-davidnho.c9users.io/articles/?_c9_id=livepreview0&_c9_host=https://ide.c9.io
Client IP: 10.240.0.240
Stack Trace:
#0 /home/ubuntu/workspace/vendor/cakephp/cakephp/src/Http/Server.php(107): Zend\Diactoros\Response\SapiStreamEmitter->emit(Object(Zend\Diactoros\Response))
#1 /home/ubuntu/workspace/webroot/index.php(37): Cake\Http\Server->emit(Object(Zend\Diactoros\Response))
#2 {main}


2016-10-17 00:42:01 Error: [Cake\Routing\Exception\MissingControllerException] Controller class Phpmyadmin could not be found.
Exception Attributes: array (
  'class' => 'Phpmyadmin',
  'plugin' => false,
  'prefix' => false,
  '_ext' => false,
)
Request URL: /phpmyadmin
Stack Trace:
#0 /home/ubuntu/workspace/vendor/cakephp/cakephp/src/Http/ControllerFactory.php(72): Cake\Http\ControllerFactory->missingController(Object(Cake\Network\Request))
#1 /home/ubuntu/workspace/vendor/cakephp/cakephp/src/Http/ActionDispatcher.php(93): Cake\Http\ControllerFactory->create(Object(Cake\Network\Request), Object(Cake\Network\Response))
#2 /home/ubuntu/workspace/vendor/cakephp/cakephp/src/Http/BaseApplication.php(83): Cake\Http\ActionDispatcher->dispatch(Object(Cake\Network\Request), Object(Cake\Network\Response))
#3 /home/ubuntu/workspace/vendor/cakephp/cakephp/src/Http/Runner.php(65): Cake\Http\BaseApplication->__invoke(Object(Zend\Diactoros\ServerRequest), Object(Zend\Diactoros\Response), Object(Cake\Http\Runner))
#4 /home/ubuntu/workspace/vendor/cakephp/cakephp/src/Routing/Middleware/RoutingMiddleware.php(53): Cake\Http\Runner->__invoke(Object(Zend\Diactoros\ServerRequest), Object(Zend\Diactoros\Response))
#5 /home/ubuntu/workspace/vendor/cakephp/cakephp/src/Http/Runner.php(65): Cake\Routing\Middleware\RoutingMiddleware->__invoke(Object(Zend\Diactoros\ServerRequest), Object(Zend\Diactoros\Response), Object(Cake\Http\Runner))
#6 /home/ubuntu/workspace/vendor/cakephp/cakephp/src/Routing/Middleware/AssetMiddleware.php(88): Cake\Http\Runner->__invoke(Object(Zend\Diactoros\ServerRequest), Object(Zend\Diactoros\Response))
#7 /home/ubuntu/workspace/vendor/cakephp/cakephp/src/Http/Runner.php(65): Cake\Routing\Middleware\AssetMiddleware->__invoke(Object(Zend\Diactoros\ServerRequest), Object(Zend\Diactoros\Response), Object(Cake\Http\Runner))
#8 /home/ubuntu/workspace/vendor/cakephp/cakephp/src/Error/Middleware/ErrorHandlerMiddleware.php(81): Cake\Http\Runner->__invoke(Object(Zend\Diactoros\ServerRequest), Object(Zend\Diactoros\Response))
#9 /home/ubuntu/workspace/vendor/cakephp/cakephp/src/Http/Runner.php(65): Cake\Error\Middleware\ErrorHandlerMiddleware->__invoke(Object(Zend\Diactoros\ServerRequest), Object(Zend\Diactoros\Response), Object(Cake\Http\Runner))
#10 /home/ubuntu/workspace/vendor/cakephp/cakephp/src/Http/Runner.php(51): Cake\Http\Runner->__invoke(Object(Zend\Diactoros\ServerRequest), Object(Zend\Diactoros\Response))
#11 /home/ubuntu/workspace/vendor/cakephp/cakephp/src/Http/Server.php(92): Cake\Http\Runner->run(Object(Cake\Http\MiddlewareQueue), Object(Zend\Diactoros\ServerRequest), Object(Zend\Diactoros\Response))
#12 /home/ubuntu/workspace/webroot/index.php(37): Cake\Http\Server->run()
#13 {main}


2016-10-17 00:47:39 Error: [Cake\Database\Exception] SQLSTATE[42S02]: Base table or view not found: 1146 Table 'cake_bookmarks.articles' doesn't exist
Request URL: /
Referer URL: https://ide.c9.io/davidnho/ck3
Stack Trace:
#0 /home/ubuntu/workspace/vendor/cakephp/cakephp/src/Database/Schema/Collection.php(97): Cake\Database\Schema\Collection->_reflect('Column', 'articles', Array, Object(Cake\Database\Schema\Table))
#1 /home/ubuntu/workspace/vendor/cakephp/cakephp/src/Database/Schema/CachedCollection.php(63): Cake\Database\Schema\Collection->describe('articles', Array)
#2 /home/ubuntu/workspace/vendor/cakephp/cakephp/src/ORM/Table.php(440): Cake\Database\Schema\CachedCollection->describe('articles')
#3 /home/ubuntu/workspace/vendor/cakephp/cakephp/src/ORM/Query.php(211): Cake\ORM\Table->schema()
#4 /home/ubuntu/workspace/vendor/cakephp/cakephp/src/ORM/Query.php(168): Cake\ORM\Query->addDefaultTypes(Object(App\Model\Table\ArticlesTable))
#5 /home/ubuntu/workspace/vendor/cakephp/cakephp/src/ORM/Table.php(1336): Cake\ORM\Query->__construct(Object(Cake\Database\Connection), Object(App\Model\Table\ArticlesTable))
#6 /home/ubuntu/workspace/vendor/cakephp/cakephp/src/ORM/Table.php(964): Cake\ORM\Table->query()
#7 /home/ubuntu/workspace/src/Controller/ArticlesController.php(18): Cake\ORM\Table->find('all')
#8 [internal function]: App\Controller\ArticlesController->index()
#9 /home/ubuntu/workspace/vendor/cakephp/cakephp/src/Controller/Controller.php(435): call_user_func_array(Array, Array)
#10 /home/ubuntu/workspace/vendor/cakephp/cakephp/src/Http/ActionDispatcher.php(122): Cake\Controller\Controller->invokeAction()
#11 /home/ubuntu/workspace/vendor/cakephp/cakephp/src/Http/ActionDispatcher.php(96): Cake\Http\ActionDispatcher->_invoke(Object(App\Controller\ArticlesController))
#12 /home/ubuntu/workspace/vendor/cakephp/cakephp/src/Http/BaseApplication.php(83): Cake\Http\ActionDispatcher->dispatch(Object(Cake\Network\Request), Object(Cake\Network\Response))
#13 /home/ubuntu/workspace/vendor/cakephp/cakephp/src/Http/Runner.php(65): Cake\Http\BaseApplication->__invoke(Object(Zend\Diactoros\ServerRequest), Object(Zend\Diactoros\Response), Object(Cake\Http\Runner))
#14 /home/ubuntu/workspace/vendor/cakephp/cakephp/src/Routing/Middleware/RoutingMiddleware.php(53): Cake\Http\Runner->__invoke(Object(Zend\Diactoros\ServerRequest), Object(Zend\Diactoros\Response))
#15 /home/ubuntu/workspace/vendor/cakephp/cakephp/src/Http/Runner.php(65): Cake\Routing\Middleware\RoutingMiddleware->__invoke(Object(Zend\Diactoros\ServerRequest), Object(Zend\Diactoros\Response), Object(Cake\Http\Runner))
#16 /home/ubuntu/workspace/vendor/cakephp/cakephp/src/Routing/Middleware/AssetMiddleware.php(88): Cake\Http\Runner->__invoke(Object(Zend\Diactoros\ServerRequest), Object(Zend\Diactoros\Response))
#17 /home/ubuntu/workspace/vendor/cakephp/cakephp/src/Http/Runner.php(65): Cake\Routing\Middleware\AssetMiddleware->__invoke(Object(Zend\Diactoros\ServerRequest), Object(Zend\Diactoros\Response), Object(Cake\Http\Runner))
#18 /home/ubuntu/workspace/vendor/cakephp/cakephp/src/Error/Middleware/ErrorHandlerMiddleware.php(81): Cake\Http\Runner->__invoke(Object(Zend\Diactoros\ServerRequest), Object(Zend\Diactoros\Response))
#19 /home/ubuntu/workspace/vendor/cakephp/cakephp/src/Http/Runner.php(65): Cake\Error\Middleware\ErrorHandlerMiddleware->__invoke(Object(Zend\Diactoros\ServerRequest), Object(Zend\Diactoros\Response), Object(Cake\Http\Runner))
#20 /home/ubuntu/workspace/vendor/cakephp/cakephp/src/Http/Runner.php(51): Cake\Http\Runner->__invoke(Object(Zend\Diactoros\ServerRequest), Object(Zend\Diactoros\Response))
#21 /home/ubuntu/workspace/vendor/cakephp/cakephp/src/Http/Server.php(92): Cake\Http\Runner->run(Object(Cake\Http\MiddlewareQueue), Object(Zend\Diactoros\ServerRequest), Object(Zend\Diactoros\Response))
#22 /home/ubuntu/workspace/webroot/index.php(37): Cake\Http\Server->run()
#23 {main}


2016-10-17 00:48:22 Error: [Cake\Routing\Exception\MissingRouteException] A route matching "/" could not be found.
Exception Attributes: array (
  'url' => '/',
)
Request URL: /
Referer URL: https://ide.c9.io/davidnho/ck3
Stack Trace:
#0 /home/ubuntu/workspace/vendor/cakephp/cakephp/src/Routing/Router.php(351): Cake\Routing\RouteCollection->parse('/', 'GET')
#1 /home/ubuntu/workspace/vendor/cakephp/cakephp/src/Routing/Middleware/RoutingMiddleware.php(43): Cake\Routing\Router::parse('/', 'GET')
#2 /home/ubuntu/workspace/vendor/cakephp/cakephp/src/Http/Runner.php(65): Cake\Routing\Middleware\RoutingMiddleware->__invoke(Object(Zend\Diactoros\ServerRequest), Object(Zend\Diactoros\Response), Object(Cake\Http\Runner))
#3 /home/ubuntu/workspace/vendor/cakephp/cakephp/src/Routing/Middleware/AssetMiddleware.php(88): Cake\Http\Runner->__invoke(Object(Zend\Diactoros\ServerRequest), Object(Zend\Diactoros\Response))
#4 /home/ubuntu/workspace/vendor/cakephp/cakephp/src/Http/Runner.php(65): Cake\Routing\Middleware\AssetMiddleware->__invoke(Object(Zend\Diactoros\ServerRequest), Object(Zend\Diactoros\Response), Object(Cake\Http\Runner))
#5 /home/ubuntu/workspace/vendor/cakephp/cakephp/src/Error/Middleware/ErrorHandlerMiddleware.php(81): Cake\Http\Runner->__invoke(Object(Zend\Diactoros\ServerRequest), Object(Zend\Diactoros\Response))
#6 /home/ubuntu/workspace/vendor/cakephp/cakephp/src/Http/Runner.php(65): Cake\Error\Middleware\ErrorHandlerMiddleware->__invoke(Object(Zend\Diactoros\ServerRequest), Object(Zend\Diactoros\Response), Object(Cake\Http\Runner))
#7 /home/ubuntu/workspace/vendor/cakephp/cakephp/src/Http/Runner.php(51): Cake\Http\Runner->__invoke(Object(Zend\Diactoros\ServerRequest), Object(Zend\Diactoros\Response))
#8 /home/ubuntu/workspace/vendor/cakephp/cakephp/src/Http/Server.php(92): Cake\Http\Runner->run(Object(Cake\Http\MiddlewareQueue), Object(Zend\Diactoros\ServerRequest), Object(Zend\Diactoros\Response))
#9 /home/ubuntu/workspace/webroot/index.php(37): Cake\Http\Server->run()
#10 {main}


2016-10-17 00:49:03 Error: [Cake\Routing\Exception\MissingRouteException] A route matching "/" could not be found.
Exception Attributes: array (
  'url' => '/',
)
Request URL: /
Referer URL: https://ide.c9.io/davidnho/ck3
Stack Trace:
#0 /home/ubuntu/workspace/vendor/cakephp/cakephp/src/Routing/Router.php(351): Cake\Routing\RouteCollection->parse('/', 'GET')
#1 /home/ubuntu/workspace/vendor/cakephp/cakephp/src/Routing/Middleware/RoutingMiddleware.php(43): Cake\Routing\Router::parse('/', 'GET')
#2 /home/ubuntu/workspace/vendor/cakephp/cakephp/src/Http/Runner.php(65): Cake\Routing\Middleware\RoutingMiddleware->__invoke(Object(Zend\Diactoros\ServerRequest), Object(Zend\Diactoros\Response), Object(Cake\Http\Runner))
#3 /home/ubuntu/workspace/vendor/cakephp/cakephp/src/Routing/Middleware/AssetMiddleware.php(88): Cake\Http\Runner->__invoke(Object(Zend\Diactoros\ServerRequest), Object(Zend\Diactoros\Response))
#4 /home/ubuntu/workspace/vendor/cakephp/cakephp/src/Http/Runner.php(65): Cake\Routing\Middleware\AssetMiddleware->__invoke(Object(Zend\Diactoros\ServerRequest), Object(Zend\Diactoros\Response), Object(Cake\Http\Runner))
#5 /home/ubuntu/workspace/vendor/cakephp/cakephp/src/Error/Middleware/ErrorHandlerMiddleware.php(81): Cake\Http\Runner->__invoke(Object(Zend\Diactoros\ServerRequest), Object(Zend\Diactoros\Response))
#6 /home/ubuntu/workspace/vendor/cakephp/cakephp/src/Http/Runner.php(65): Cake\Error\Middleware\ErrorHandlerMiddleware->__invoke(Object(Zend\Diactoros\ServerRequest), Object(Zend\Diactoros\Response), Object(Cake\Http\Runner))
#7 /home/ubuntu/workspace/vendor/cakephp/cakephp/src/Http/Runner.php(51): Cake\Http\Runner->__invoke(Object(Zend\Diactoros\ServerRequest), Object(Zend\Diactoros\Response))
#8 /home/ubuntu/workspace/vendor/cakephp/cakephp/src/Http/Server.php(92): Cake\Http\Runner->run(Object(Cake\Http\MiddlewareQueue), Object(Zend\Diactoros\ServerRequest), Object(Zend\Diactoros\Response))
#9 /home/ubuntu/workspace/webroot/index.php(37): Cake\Http\Server->run()
#10 {main}


2016-10-17 00:49:43 Error: [Cake\Routing\Exception\MissingRouteException] A route matching "/" could not be found.
Exception Attributes: array (
  'url' => '/',
)
Request URL: /
Referer URL: https://ide.c9.io/davidnho/ck3
Stack Trace:
#0 /home/ubuntu/workspace/vendor/cakephp/cakephp/src/Routing/Router.php(351): Cake\Routing\RouteCollection->parse('/', 'GET')
#1 /home/ubuntu/workspace/vendor/cakephp/cakephp/src/Routing/Middleware/RoutingMiddleware.php(43): Cake\Routing\Router::parse('/', 'GET')
#2 /home/ubuntu/workspace/vendor/cakephp/cakephp/src/Http/Runner.php(65): Cake\Routing\Middleware\RoutingMiddleware->__invoke(Object(Zend\Diactoros\ServerRequest), Object(Zend\Diactoros\Response), Object(Cake\Http\Runner))
#3 /home/ubuntu/workspace/vendor/cakephp/cakephp/src/Routing/Middleware/AssetMiddleware.php(88): Cake\Http\Runner->__invoke(Object(Zend\Diactoros\ServerRequest), Object(Zend\Diactoros\Response))
#4 /home/ubuntu/workspace/vendor/cakephp/cakephp/src/Http/Runner.php(65): Cake\Routing\Middleware\AssetMiddleware->__invoke(Object(Zend\Diactoros\ServerRequest), Object(Zend\Diactoros\Response), Object(Cake\Http\Runner))
#5 /home/ubuntu/workspace/vendor/cakephp/cakephp/src/Error/Middleware/ErrorHandlerMiddleware.php(81): Cake\Http\Runner->__invoke(Object(Zend\Diactoros\ServerRequest), Object(Zend\Diactoros\Response))
#6 /home/ubuntu/workspace/vendor/cakephp/cakephp/src/Http/Runner.php(65): Cake\Error\Middleware\ErrorHandlerMiddleware->__invoke(Object(Zend\Diactoros\ServerRequest), Object(Zend\Diactoros\Response), Object(Cake\Http\Runner))
#7 /home/ubuntu/workspace/vendor/cakephp/cakephp/src/Http/Runner.php(51): Cake\Http\Runner->__invoke(Object(Zend\Diactoros\ServerRequest), Object(Zend\Diactoros\Response))
#8 /home/ubuntu/workspace/vendor/cakephp/cakephp/src/Http/Server.php(92): Cake\Http\Runner->run(Object(Cake\Http\MiddlewareQueue), Object(Zend\Diactoros\ServerRequest), Object(Zend\Diactoros\Response))
#9 /home/ubuntu/workspace/webroot/index.php(37): Cake\Http\Server->run()
#10 {main}


2016-10-17 00:50:54 Error: [Cake\Routing\Exception\MissingRouteException] A route matching "/" could not be found.
Exception Attributes: array (
  'url' => '/',
)
Request URL: /
Stack Trace:
#0 /home/ubuntu/workspace/vendor/cakephp/cakephp/src/Routing/Router.php(351): Cake\Routing\RouteCollection->parse('/', 'GET')
#1 /home/ubuntu/workspace/vendor/cakephp/cakephp/src/Routing/Middleware/RoutingMiddleware.php(43): Cake\Routing\Router::parse('/', 'GET')
#2 /home/ubuntu/workspace/vendor/cakephp/cakephp/src/Http/Runner.php(65): Cake\Routing\Middleware\RoutingMiddleware->__invoke(Object(Zend\Diactoros\ServerRequest), Object(Zend\Diactoros\Response), Object(Cake\Http\Runner))
#3 /home/ubuntu/workspace/vendor/cakephp/cakephp/src/Routing/Middleware/AssetMiddleware.php(88): Cake\Http\Runner->__invoke(Object(Zend\Diactoros\ServerRequest), Object(Zend\Diactoros\Response))
#4 /home/ubuntu/workspace/vendor/cakephp/cakephp/src/Http/Runner.php(65): Cake\Routing\Middleware\AssetMiddleware->__invoke(Object(Zend\Diactoros\ServerRequest), Object(Zend\Diactoros\Response), Object(Cake\Http\Runner))
#5 /home/ubuntu/workspace/vendor/cakephp/cakephp/src/Error/Middleware/ErrorHandlerMiddleware.php(81): Cake\Http\Runner->__invoke(Object(Zend\Diactoros\ServerRequest), Object(Zend\Diactoros\Response))
#6 /home/ubuntu/workspace/vendor/cakephp/cakephp/src/Http/Runner.php(65): Cake\Error\Middleware\ErrorHandlerMiddleware->__invoke(Object(Zend\Diactoros\ServerRequest), Object(Zend\Diactoros\Response), Object(Cake\Http\Runner))
#7 /home/ubuntu/workspace/vendor/cakephp/cakephp/src/Http/Runner.php(51): Cake\Http\Runner->__invoke(Object(Zend\Diactoros\ServerRequest), Object(Zend\Diactoros\Response))
#8 /home/ubuntu/workspace/vendor/cakephp/cakephp/src/Http/Server.php(92): Cake\Http\Runner->run(Object(Cake\Http\MiddlewareQueue), Object(Zend\Diactoros\ServerRequest), Object(Zend\Diactoros\Response))
#9 /home/ubuntu/workspace/webroot/index.php(37): Cake\Http\Server->run()
#10 {main}


2016-10-17 00:51:04 Error: [Cake\Routing\Exception\MissingRouteException] A route matching "/" could not be found.
Exception Attributes: array (
  'url' => '/',
)
Request URL: /
Stack Trace:
#0 /home/ubuntu/workspace/vendor/cakephp/cakephp/src/Routing/Router.php(351): Cake\Routing\RouteCollection->parse('/', 'GET')
#1 /home/ubuntu/workspace/vendor/cakephp/cakephp/src/Routing/Middleware/RoutingMiddleware.php(43): Cake\Routing\Router::parse('/', 'GET')
#2 /home/ubuntu/workspace/vendor/cakephp/cakephp/src/Http/Runner.php(65): Cake\Routing\Middleware\RoutingMiddleware->__invoke(Object(Zend\Diactoros\ServerRequest), Object(Zend\Diactoros\Response), Object(Cake\Http\Runner))
#3 /home/ubuntu/workspace/vendor/cakephp/cakephp/src/Routing/Middleware/AssetMiddleware.php(88): Cake\Http\Runner->__invoke(Object(Zend\Diactoros\ServerRequest), Object(Zend\Diactoros\Response))
#4 /home/ubuntu/workspace/vendor/cakephp/cakephp/src/Http/Runner.php(65): Cake\Routing\Middleware\AssetMiddleware->__invoke(Object(Zend\Diactoros\ServerRequest), Object(Zend\Diactoros\Response), Object(Cake\Http\Runner))
#5 /home/ubuntu/workspace/vendor/cakephp/cakephp/src/Error/Middleware/ErrorHandlerMiddleware.php(81): Cake\Http\Runner->__invoke(Object(Zend\Diactoros\ServerRequest), Object(Zend\Diactoros\Response))
#6 /home/ubuntu/workspace/vendor/cakephp/cakephp/src/Http/Runner.php(65): Cake\Error\Middleware\ErrorHandlerMiddleware->__invoke(Object(Zend\Diactoros\ServerRequest), Object(Zend\Diactoros\Response), Object(Cake\Http\Runner))
#7 /home/ubuntu/workspace/vendor/cakephp/cakephp/src/Http/Runner.php(51): Cake\Http\Runner->__invoke(Object(Zend\Diactoros\ServerRequest), Object(Zend\Diactoros\Response))
#8 /home/ubuntu/workspace/vendor/cakephp/cakephp/src/Http/Server.php(92): Cake\Http\Runner->run(Object(Cake\Http\MiddlewareQueue), Object(Zend\Diactoros\ServerRequest), Object(Zend\Diactoros\Response))
#9 /home/ubuntu/workspace/webroot/index.php(37): Cake\Http\Server->run()
#10 {main}


2016-10-17 05:19:50 Error: [PDOException] SQLSTATE[23000]: Integrity constraint violation: 1451 Cannot delete or update a parent row: a foreign key constraint fails (`cake_bookmarks`.`bookmarks`, CONSTRAINT `bookmarks_ibfk_1` FOREIGN KEY (`user_id`) REFERENCES `users` (`id`))
Request URL: /users/delete/1
Referer URL: http://ck3-davidnho.c9users.io/users
Stack Trace:
#0 /home/ubuntu/workspace/vendor/cakephp/cakephp/src/Database/Statement/MysqlStatement.php(36): PDOStatement->execute(NULL)
#1 /home/ubuntu/workspace/vendor/cakephp/cakephp/src/Database/Statement/StatementDecorator.php(172): Cake\Database\Statement\MysqlStatement->execute(NULL)
#2 /home/ubuntu/workspace/vendor/cakephp/cakephp/src/Database/Log/LoggingStatement.php(56): Cake\Database\Statement\StatementDecorator->execute(NULL)
#3 /home/ubuntu/workspace/vendor/cakephp/cakephp/src/Database/Connection.php(276): Cake\Database\Log\LoggingStatement->execute()
#4 /home/ubuntu/workspace/vendor/cakephp/cakephp/src/Database/Query.php(189): Cake\Database\Connection->run(Object(Cake\ORM\Query))
#5 /home/ubuntu/workspace/vendor/cakephp/cakephp/src/ORM/Table.php(1895): Cake\Database\Query->execute()
#6 /home/ubuntu/workspace/vendor/cakephp/cakephp/src/ORM/Table.php(1826): Cake\ORM\Table->_processDelete(Object(App\Model\Entity\User), Object(ArrayObject))
#7 /home/ubuntu/workspace/vendor/cakephp/cakephp/src/Database/Connection.php(570): Cake\ORM\Table->Cake\ORM\{closure}(Object(Cake\Database\Connection))
#8 /home/ubuntu/workspace/vendor/cakephp/cakephp/src/ORM/Table.php(1831): Cake\Database\Connection->transactional(Object(Closure))
#9 /home/ubuntu/workspace/src/Controller/UsersController.php(103): Cake\ORM\Table->delete(Object(App\Model\Entity\User))
#10 [internal function]: App\Controller\UsersController->delete('1')
#11 /home/ubuntu/workspace/vendor/cakephp/cakephp/src/Controller/Controller.php(435): call_user_func_array(Array, Array)
#12 /home/ubuntu/workspace/vendor/cakephp/cakephp/src/Http/ActionDispatcher.php(122): Cake\Controller\Controller->invokeAction()
#13 /home/ubuntu/workspace/vendor/cakephp/cakephp/src/Http/ActionDispatcher.php(96): Cake\Http\ActionDispatcher->_invoke(Object(App\Controller\UsersController))
#14 /home/ubuntu/workspace/vendor/cakephp/cakephp/src/Http/BaseApplication.php(83): Cake\Http\ActionDispatcher->dispatch(Object(Cake\Network\Request), Object(Cake\Network\Response))
#15 /home/ubuntu/workspace/vendor/cakephp/cakephp/src/Http/Runner.php(65): Cake\Http\BaseApplication->__invoke(Object(Zend\Diactoros\ServerRequest), Object(Zend\Diactoros\Response), Object(Cake\Http\Runner))
#16 /home/ubuntu/workspace/vendor/cakephp/cakephp/src/Routing/Middleware/RoutingMiddleware.php(53): Cake\Http\Runner->__invoke(Object(Zend\Diactoros\ServerRequest), Object(Zend\Diactoros\Response))
#17 /home/ubuntu/workspace/vendor/cakephp/cakephp/src/Http/Runner.php(65): Cake\Routing\Middleware\RoutingMiddleware->__invoke(Object(Zend\Diactoros\ServerRequest), Object(Zend\Diactoros\Response), Object(Cake\Http\Runner))
#18 /home/ubuntu/workspace/vendor/cakephp/cakephp/src/Routing/Middleware/AssetMiddleware.php(88): Cake\Http\Runner->__invoke(Object(Zend\Diactoros\ServerRequest), Object(Zend\Diactoros\Response))
#19 /home/ubuntu/workspace/vendor/cakephp/cakephp/src/Http/Runner.php(65): Cake\Routing\Middleware\AssetMiddleware->__invoke(Object(Zend\Diactoros\ServerRequest), Object(Zend\Diactoros\Response), Object(Cake\Http\Runner))
#20 /home/ubuntu/workspace/vendor/cakephp/cakephp/src/Error/Middleware/ErrorHandlerMiddleware.php(81): Cake\Http\Runner->__invoke(Object(Zend\Diactoros\ServerRequest), Object(Zend\Diactoros\Response))
#21 /home/ubuntu/workspace/vendor/cakephp/cakephp/src/Http/Runner.php(65): Cake\Error\Middleware\ErrorHandlerMiddleware->__invoke(Object(Zend\Diactoros\ServerRequest), Object(Zend\Diactoros\Response), Object(Cake\Http\Runner))
#22 /home/ubuntu/workspace/vendor/cakephp/cakephp/src/Http/Runner.php(51): Cake\Http\Runner->__invoke(Object(Zend\Diactoros\ServerRequest), Object(Zend\Diactoros\Response))
#23 /home/ubuntu/workspace/vendor/cakephp/cakephp/src/Http/Server.php(92): Cake\Http\Runner->run(Object(Cake\Http\MiddlewareQueue), Object(Zend\Diactoros\ServerRequest), Object(Zend\Diactoros\Response))
#24 /home/ubuntu/workspace/webroot/index.php(37): Cake\Http\Server->run()
#25 {main}


2016-10-20 00:18:11 Error: [Cake\Controller\Exception\MissingActionException] Action BookmarksController::tags() could not be found, or is not accessible.
Exception Attributes: array (
  'controller' => 'BookmarksController',
  'action' => 'tags',
  'prefix' => '',
  'plugin' => NULL,
)
Request URL: /bookmarks/tagged
Stack Trace:
#0 /home/ubuntu/workspace/vendor/cakephp/cakephp/src/Http/ActionDispatcher.php(122): Cake\Controller\Controller->invokeAction()
#1 /home/ubuntu/workspace/vendor/cakephp/cakephp/src/Http/ActionDispatcher.php(96): Cake\Http\ActionDispatcher->_invoke(Object(App\Controller\BookmarksController))
#2 /home/ubuntu/workspace/vendor/cakephp/cakephp/src/Http/BaseApplication.php(83): Cake\Http\ActionDispatcher->dispatch(Object(Cake\Network\Request), Object(Cake\Network\Response))
#3 /home/ubuntu/workspace/vendor/cakephp/cakephp/src/Http/Runner.php(65): Cake\Http\BaseApplication->__invoke(Object(Zend\Diactoros\ServerRequest), Object(Zend\Diactoros\Response), Object(Cake\Http\Runner))
#4 /home/ubuntu/workspace/vendor/cakephp/cakephp/src/Routing/Middleware/RoutingMiddleware.php(53): Cake\Http\Runner->__invoke(Object(Zend\Diactoros\ServerRequest), Object(Zend\Diactoros\Response))
#5 /home/ubuntu/workspace/vendor/cakephp/cakephp/src/Http/Runner.php(65): Cake\Routing\Middleware\RoutingMiddleware->__invoke(Object(Zend\Diactoros\ServerRequest), Object(Zend\Diactoros\Response), Object(Cake\Http\Runner))
#6 /home/ubuntu/workspace/vendor/cakephp/cakephp/src/Routing/Middleware/AssetMiddleware.php(88): Cake\Http\Runner->__invoke(Object(Zend\Diactoros\ServerRequest), Object(Zend\Diactoros\Response))
#7 /home/ubuntu/workspace/vendor/cakephp/cakephp/src/Http/Runner.php(65): Cake\Routing\Middleware\AssetMiddleware->__invoke(Object(Zend\Diactoros\ServerRequest), Object(Zend\Diactoros\Response), Object(Cake\Http\Runner))
#8 /home/ubuntu/workspace/vendor/cakephp/cakephp/src/Error/Middleware/ErrorHandlerMiddleware.php(81): Cake\Http\Runner->__invoke(Object(Zend\Diactoros\ServerRequest), Object(Zend\Diactoros\Response))
#9 /home/ubuntu/workspace/vendor/cakephp/cakephp/src/Http/Runner.php(65): Cake\Error\Middleware\ErrorHandlerMiddleware->__invoke(Object(Zend\Diactoros\ServerRequest), Object(Zend\Diactoros\Response), Object(Cake\Http\Runner))
#10 /home/ubuntu/workspace/vendor/cakephp/cakephp/src/Http/Runner.php(51): Cake\Http\Runner->__invoke(Object(Zend\Diactoros\ServerRequest), Object(Zend\Diactoros\Response))
#11 /home/ubuntu/workspace/vendor/cakephp/cakephp/src/Http/Server.php(92): Cake\Http\Runner->run(Object(Cake\Http\MiddlewareQueue), Object(Zend\Diactoros\ServerRequest), Object(Zend\Diactoros\Response))
#12 /home/ubuntu/workspace/webroot/index.php(37): Cake\Http\Server->run()
#13 {main}


2016-10-20 00:21:37 Error: [BadMethodCallException] Unknown finder method "tagged"
Request URL: /bookmarks/tagged
Stack Trace:
#0 /home/ubuntu/workspace/vendor/cakephp/cakephp/src/ORM/Table.php(967): Cake\ORM\Table->callFinder('tagged', Object(Cake\ORM\Query), Array)
#1 /home/ubuntu/workspace/src/Controller/BookmarksController.php(128): Cake\ORM\Table->find('tagged', Array)
#2 [internal function]: App\Controller\BookmarksController->tags()
#3 /home/ubuntu/workspace/vendor/cakephp/cakephp/src/Controller/Controller.php(435): call_user_func_array(Array, Array)
#4 /home/ubuntu/workspace/vendor/cakephp/cakephp/src/Http/ActionDispatcher.php(122): Cake\Controller\Controller->invokeAction()
#5 /home/ubuntu/workspace/vendor/cakephp/cakephp/src/Http/ActionDispatcher.php(96): Cake\Http\ActionDispatcher->_invoke(Object(App\Controller\BookmarksController))
#6 /home/ubuntu/workspace/vendor/cakephp/cakephp/src/Http/BaseApplication.php(83): Cake\Http\ActionDispatcher->dispatch(Object(Cake\Network\Request), Object(Cake\Network\Response))
#7 /home/ubuntu/workspace/vendor/cakephp/cakephp/src/Http/Runner.php(65): Cake\Http\BaseApplication->__invoke(Object(Zend\Diactoros\ServerRequest), Object(Zend\Diactoros\Response), Object(Cake\Http\Runner))
#8 /home/ubuntu/workspace/vendor/cakephp/cakephp/src/Routing/Middleware/RoutingMiddleware.php(53): Cake\Http\Runner->__invoke(Object(Zend\Diactoros\ServerRequest), Object(Zend\Diactoros\Response))
#9 /home/ubuntu/workspace/vendor/cakephp/cakephp/src/Http/Runner.php(65): Cake\Routing\Middleware\RoutingMiddleware->__invoke(Object(Zend\Diactoros\ServerRequest), Object(Zend\Diactoros\Response), Object(Cake\Http\Runner))
#10 /home/ubuntu/workspace/vendor/cakephp/cakephp/src/Routing/Middleware/AssetMiddleware.php(88): Cake\Http\Runner->__invoke(Object(Zend\Diactoros\ServerRequest), Object(Zend\Diactoros\Response))
#11 /home/ubuntu/workspace/vendor/cakephp/cakephp/src/Http/Runner.php(65): Cake\Routing\Middleware\AssetMiddleware->__invoke(Object(Zend\Diactoros\ServerRequest), Object(Zend\Diactoros\Response), Object(Cake\Http\Runner))
#12 /home/ubuntu/workspace/vendor/cakephp/cakephp/src/Error/Middleware/ErrorHandlerMiddleware.php(81): Cake\Http\Runner->__invoke(Object(Zend\Diactoros\ServerRequest), Object(Zend\Diactoros\Response))
#13 /home/ubuntu/workspace/vendor/cakephp/cakephp/src/Http/Runner.php(65): Cake\Error\Middleware\ErrorHandlerMiddleware->__invoke(Object(Zend\Diactoros\ServerRequest), Object(Zend\Diactoros\Response), Object(Cake\Http\Runner))
#14 /home/ubuntu/workspace/vendor/cakephp/cakephp/src/Http/Runner.php(51): Cake\Http\Runner->__invoke(Object(Zend\Diactoros\ServerRequest), Object(Zend\Diactoros\Response))
#15 /home/ubuntu/workspace/vendor/cakephp/cakephp/src/Http/Server.php(92): Cake\Http\Runner->run(Object(Cake\Http\MiddlewareQueue), Object(Zend\Diactoros\ServerRequest), Object(Zend\Diactoros\Response))
#16 /home/ubuntu/workspace/webroot/index.php(37): Cake\Http\Server->run()
#17 {main}


2016-10-20 00:25:05 Error: [Cake\View\Exception\MissingTemplateException] Template file "Bookmarks/tags.ctp" is missing.
Exception Attributes: array (
  'file' => 'Bookmarks/tags.ctp',
)
Request URL: /bookmarks/tagged
Stack Trace:
#0 /home/ubuntu/workspace/vendor/cakephp/cakephp/src/View/View.php(591): Cake\View\View->_getViewFileName(NULL)
#1 /home/ubuntu/workspace/vendor/cakephp/cakephp/src/Controller/Controller.php(617): Cake\View\View->render(NULL, NULL)
#2 /home/ubuntu/workspace/vendor/cakephp/cakephp/src/Http/ActionDispatcher.php(128): Cake\Controller\Controller->render()
#3 /home/ubuntu/workspace/vendor/cakephp/cakephp/src/Http/ActionDispatcher.php(96): Cake\Http\ActionDispatcher->_invoke(Object(App\Controller\BookmarksController))
#4 /home/ubuntu/workspace/vendor/cakephp/cakephp/src/Http/BaseApplication.php(83): Cake\Http\ActionDispatcher->dispatch(Object(Cake\Network\Request), Object(Cake\Network\Response))
#5 /home/ubuntu/workspace/vendor/cakephp/cakephp/src/Http/Runner.php(65): Cake\Http\BaseApplication->__invoke(Object(Zend\Diactoros\ServerRequest), Object(Zend\Diactoros\Response), Object(Cake\Http\Runner))
#6 /home/ubuntu/workspace/vendor/cakephp/cakephp/src/Routing/Middleware/RoutingMiddleware.php(53): Cake\Http\Runner->__invoke(Object(Zend\Diactoros\ServerRequest), Object(Zend\Diactoros\Response))
#7 /home/ubuntu/workspace/vendor/cakephp/cakephp/src/Http/Runner.php(65): Cake\Routing\Middleware\RoutingMiddleware->__invoke(Object(Zend\Diactoros\ServerRequest), Object(Zend\Diactoros\Response), Object(Cake\Http\Runner))
#8 /home/ubuntu/workspace/vendor/cakephp/cakephp/src/Routing/Middleware/AssetMiddleware.php(88): Cake\Http\Runner->__invoke(Object(Zend\Diactoros\ServerRequest), Object(Zend\Diactoros\Response))
#9 /home/ubuntu/workspace/vendor/cakephp/cakephp/src/Http/Runner.php(65): Cake\Routing\Middleware\AssetMiddleware->__invoke(Object(Zend\Diactoros\ServerRequest), Object(Zend\Diactoros\Response), Object(Cake\Http\Runner))
#10 /home/ubuntu/workspace/vendor/cakephp/cakephp/src/Error/Middleware/ErrorHandlerMiddleware.php(81): Cake\Http\Runner->__invoke(Object(Zend\Diactoros\ServerRequest), Object(Zend\Diactoros\Response))
#11 /home/ubuntu/workspace/vendor/cakephp/cakephp/src/Http/Runner.php(65): Cake\Error\Middleware\ErrorHandlerMiddleware->__invoke(Object(Zend\Diactoros\ServerRequest), Object(Zend\Diactoros\Response), Object(Cake\Http\Runner))
#12 /home/ubuntu/workspace/vendor/cakephp/cakephp/src/Http/Runner.php(51): Cake\Http\Runner->__invoke(Object(Zend\Diactoros\ServerRequest), Object(Zend\Diactoros\Response))
#13 /home/ubuntu/workspace/vendor/cakephp/cakephp/src/Http/Server.php(92): Cake\Http\Runner->run(Object(Cake\Http\MiddlewareQueue), Object(Zend\Diactoros\ServerRequest), Object(Zend\Diactoros\Response))
#14 /home/ubuntu/workspace/webroot/index.php(37): Cake\Http\Server->run()
#15 {main}


